<?xml version="1.0" encoding="UTF-8"?>
<!-- Generated by org.testng.reporters.JUnitReportReporter -->
<testsuite skipped="0" hostname="DESKTOP-CHQ0ICE" name="com.test.experiment1.NewTest" tests="1" failures="0" timestamp="22 Jul 2020 23:25:18 GMT" time="6.995" errors="0">
  <testcase name="f" time="6.995" classname="com.test.experiment1.NewTest"/>
</testsuite> <!-- com.test.experiment1.NewTest -->
